[debug] [2021-06-28T09:31:44.355Z] ----------------------------------------------------------------------
[debug] [2021-06-28T09:31:44.392Z] Command:       C:\Program Files\nodejs\node.exe C:\Users\xenoz\AppData\Roaming\npm\node_modules\firebase-tools\lib\bin\firebase.js init
[debug] [2021-06-28T09:31:44.393Z] CLI Version:   9.12.1
[debug] [2021-06-28T09:31:44.393Z] Platform:      win32
[debug] [2021-06-28T09:31:44.393Z] Node Version:  v14.16.0
[debug] [2021-06-28T09:31:44.937Z] Time:          Mon Jun 28 2021 15:31:44 GMT+0600 (Bangladesh Standard Time)
[debug] [2021-06-28T09:31:44.938Z] ----------------------------------------------------------------------
[debug] 
[debug] [2021-06-28T09:31:44.979Z] >>> [apiv2][query] GET https://firebase-public.firebaseio.com/cli.json [none]
[debug] [2021-06-28T09:31:45.727Z] > command requires scopes: ["email","openid","https://www.googleapis.com/auth/cloudplatformprojects.readonly","https://www.googleapis.com/auth/firebase","https://www.googleapis.com/auth/cloud-platform"]
[debug] [2021-06-28T09:31:45.728Z] > authorizing via signed-in user (xenozb@gmail.com)
[info] 
     ######## #### ########  ######## ########     ###     ######  ########
     ##        ##  ##     ## ##       ##     ##  ##   ##  ##       ##
     ######    ##  ########  ######   ########  #########  ######  ######
     ##        ##  ##    ##  ##       ##     ## ##     ##       ## ##
     ##       #### ##     ## ######## ########  ##     ##  ######  ########

You're about to initialize a Firebase project in this directory:

  C:\Users\xenoz\crown-clothing

[debug] [2021-06-28T09:31:48.667Z] <<< [apiv2][status] GET https://firebase-public.firebaseio.com/cli.json 200
[debug] [2021-06-28T09:31:48.668Z] <<< [apiv2][body] GET https://firebase-public.firebaseio.com/cli.json {"cloudBuildErrorAfter":1594252800000,"cloudBuildWarnAfter":1590019200000,"defaultNode10After":1594252800000,"minVersion":"3.0.5","node8DeploysDisabledAfter":1613390400000,"node8RuntimeDisabledAfter":1615809600000,"node8WarnAfter":1600128000000}
